(lg) root:/nas/ganluo/sglang_CUSTOM/sgl-router# pip install .
Looking in indexes: https://mirrors.aliyun.com/pypi/simple/
Processing /nas/ganluo/sglang_CUSTOM/sgl-router
  Installing build dependencies ... done
  Getting requirements to build wheel ... done
  Preparing metadata (pyproject.toml) ... done
Building wheels for collected packages: sglang-router
  Building wheel for sglang-router (pyproject.toml) ... error
  error: subprocess-exited-with-error
  
  × Building wheel for sglang-router (pyproject.toml) did not run successfully.
  │ exit code: 1
  ╰─> [56 lines of output]
      /tmp/pip-build-env-_mgibmn0/overlay/lib/python3.10/site-packages/setuptools/config/_apply_pyprojecttoml.py:82: SetuptoolsDeprecationWarning: `project.license` as a TOML table is deprecated
      !!
      
              ********************************************************************************
              Please use a simple string containing a SPDX expression for `project.license`. You can also use `project.license-files`. (Both options available on setuptools>=77.0.0).
      
              By 2026-Feb-18, you need to update your project and remove deprecated calls
              or your builds will no longer be supported.
      
              See https://packaging.python.org/en/latest/guides/writing-pyproject-toml/#license for details.
              ********************************************************************************
      
      !!
        corresp(dist, value, root_dir)
      /tmp/pip-build-env-_mgibmn0/overlay/lib/python3.10/site-packages/setuptools/config/_apply_pyprojecttoml.py:55: SetuptoolsDeprecationWarning: 'tool.setuptools.license-files' is deprecated in favor of 'project.license-files' (available on setuptools>=77.0.0).
      !!
      
              ********************************************************************************
      
              By 2026-Feb-18, you need to update your project and remove deprecated calls
              or your builds will no longer be supported.
      
              See https://packaging.python.org/en/latest/guides/writing-pyproject-toml/#license-files for details.
              ********************************************************************************
      
      !!
        _apply_tool_table(dist, config, filename)
      running bdist_wheel
      running build
      running build_py
      copying py_src/sglang_router/__init__.py -> build/lib.linux-x86_64-cpython-310/sglang_router
      copying py_src/sglang_router/launch_router.py -> build/lib.linux-x86_64-cpython-310/sglang_router
      copying py_src/sglang_router/launch_server.py -> build/lib.linux-x86_64-cpython-310/sglang_router
      copying py_src/sglang_router/router.py -> build/lib.linux-x86_64-cpython-310/sglang_router
      copying py_src/sglang_router/version.py -> build/lib.linux-x86_64-cpython-310/sglang_router
      running egg_info
      writing py_src/sglang_router.egg-info/PKG-INFO
      writing dependency_links to py_src/sglang_router.egg-info/dependency_links.txt
      writing requirements to py_src/sglang_router.egg-info/requires.txt
      writing top-level names to py_src/sglang_router.egg-info/top_level.txt
      reading manifest file 'py_src/sglang_router.egg-info/SOURCES.txt'
      reading manifest template 'MANIFEST.in'
      writing manifest file 'py_src/sglang_router.egg-info/SOURCES.txt'
      running build_ext
      running build_rust
      error: can't find Rust compiler
      
      If you are using an outdated pip version, it is possible a prebuilt wheel is available for this package but pip is not able to install from it. Installing from the wheel would avoid the need for a Rust compiler.
      
      To update pip, run:
      
          pip install --upgrade pip
      
      and then retry package installation.
      
      If you did intend to build this package from source, try installing a Rust compiler from your system package manager and ensure it is on the PATH during installation. Alternatively, rustup (available at https://rustup.rs) is the recommended way to download and update the Rust compiler toolchain.
      [end of output]
  
  note: This error originates from a subprocess, and is likely not a problem with pip.
  ERROR: Failed building wheel for sglang-router
Failed to build sglang-router
ERROR: Failed to build installable wheels for some pyproject.toml based projects (sglang-router)
(lg) root:/nas/ganluo/sglang_CUSTOM/sgl-router# cd ..
(lg) root:/nas/ganluo/sglang_CUSTOM# mkdir install_log
(lg) root:/nas/ganluo/sglang_CUSTOM# 