Queue时间戳修复验证测试
================================================================================
开始时间: 2025-07-29 23:22:56

1. 测试直连服务器: http://localhost:60005/generate
------------------------------------------------------------
  测试 1: ❌ 失败 - queue时间戳为null
    - queue_time_start: None
    - queue_time_end: None
  测试 2: ❌ 失败 - queue时间戳为null
    - queue_time_start: None
    - queue_time_end: None
  测试 3: ❌ 失败 - queue时间戳为null
    - queue_time_start: None
    - queue_time_end: None

2. 测试通过路由器: http://localhost:60009/generate
------------------------------------------------------------
  测试 1: ❌ 失败 - queue时间戳为null
    - queue_time_start: None
    - queue_time_end: None
  测试 2: ❌ 失败 - queue时间戳为null
    - queue_time_start: None
    - queue_time_end: None
  测试 3: ❌ 失败 - queue时间戳为null
    - queue_time_start: None
    - queue_time_end: None

================================================================================
测试总结
================================================================================

直连服务器: ❌ 所有测试失败

路由器: ❌ 所有测试失败

================================================================================
❌ 修复失败！请检查服务器日志

可能的原因:
1. 服务器需要重启以加载新代码
2. 需要使用 --enable-metrics 标志
3. 代码同步问题

结束时间: 2025-07-29 23:23:00
